save path here /u/scratch/d/datduong/SemEval2017Task4/4B-English/W2vEmbTweetTopicFEMALE
now loading sentences

now running model

SemEval2017-task4-dev.subtask-BD.english.FEMALE.w2v.txt
SemEval2017-task4-dev.subtask-BD.english.FEMALE.w2v.txt
SemEval2017-task4-dev.subtask-BD.english.FEMALE.w2v.txt
SemEval2017-task4-dev.subtask-BD.english.FEMALE.w2v.txt
SemEval2017-task4-dev.subtask-BD.english.FEMALE.w2v.txt
SemEval2017-task4-dev.subtask-BD.english.FEMALE.w2v.txt
SemEval2017-task4-dev.subtask-BD.english.FEMALE.w2v.txt
SemEval2017-task4-dev.subtask-BD.english.FEMALE.w2v.txt
SemEval2017-task4-dev.subtask-BD.english.FEMALE.w2v.txt
SemEval2017-task4-dev.subtask-BD.english.FEMALE.w2v.txt
SemEval2017-task4-dev.subtask-BD.english.FEMALE.w2v.txt
SemEval2017-task4-dev.subtask-BD.english.FEMALE.w2v.txt
SemEval2017-task4-dev.subtask-BD.english.FEMALE.w2v.txt
SemEval2017-task4-dev.subtask-BD.english.FEMALE.w2v.txt
SemEval2017-task4-dev.subtask-BD.english.FEMALE.w2v.txt
SemEval2017-task4-dev.subtask-BD.english.FEMALE.w2v.txt
SemEval2017-task4-dev.subtask-BD.english.FEMALE.w2v.txt
SemEval2017-task4-dev.subtask-BD.english.FEMALE.w2v.txt
SemEval2017-task4-dev.subtask-BD.english.FEMALE.w2v.txt
SemEval2017-task4-dev.subtask-BD.english.FEMALE.w2v.txt
SemEval2017-task4-dev.subtask-BD.english.FEMALE.w2v.txt
SemEval2017-task4-dev.subtask-BD.english.FEMALE.w2v.txt
SemEval2017-task4-dev.subtask-BD.english.FEMALE.w2v.txt
SemEval2017-task4-dev.subtask-BD.english.FEMALE.w2v.txt
SemEval2017-task4-dev.subtask-BD.english.FEMALE.w2v.txt
SemEval2017-task4-dev.subtask-BD.english.FEMALE.w2v.txt
SemEval2017-task4-dev.subtask-BD.english.FEMALE.w2v.txt
SemEval2017-task4-dev.subtask-BD.english.FEMALE.w2v.txt
SemEval2017-task4-dev.subtask-BD.english.FEMALE.w2v.txt
SemEval2017-task4-dev.subtask-BD.english.FEMALE.w2v.txt
SemEval2017-task4-dev.subtask-BD.english.FEMALE.w2v.txt
SemEval2017-task4-dev.subtask-BD.english.FEMALE.w2v.txt
SemEval2017-task4-dev.subtask-BD.english.FEMALE.w2v.txt
SemEval2017-task4-dev.subtask-BD.english.FEMALE.w2v.txt
SemEval2017-task4-dev.subtask-BD.english.FEMALE.w2v.txt
SemEval2017-task4-dev.subtask-BD.english.FEMALE.w2v.txt
SemEval2017-task4-dev.subtask-BD.english.FEMALE.w2v.txt
SemEval2017-task4-dev.subtask-BD.english.FEMALE.w2v.txt
SemEval2017-task4-dev.subtask-BD.english.FEMALE.w2v.txt
SemEval2017-task4-dev.subtask-BD.english.FEMALE.w2v.txt
SemEval2017-task4-dev.subtask-BD.english.FEMALE.w2v.txt
SemEval2017-task4-dev.subtask-BD.english.FEMALE.w2v.txt
SemEval2017-task4-dev.subtask-BD.english.FEMALE.w2v.txt
SemEval2017-task4-dev.subtask-BD.english.FEMALE.w2v.txt
SemEval2017-task4-dev.subtask-BD.english.FEMALE.w2v.txt
SemEval2017-task4-dev.subtask-BD.english.FEMALE.w2v.txt
SemEval2017-task4-dev.subtask-BD.english.FEMALE.w2v.txt
SemEval2017-task4-dev.subtask-BD.english.FEMALE.w2v.txt
SemEval2017-task4-dev.subtask-BD.english.FEMALE.w2v.txt
SemEval2017-task4-dev.subtask-BD.english.FEMALE.w2v.txt
SemEval2017-task4-dev.subtask-BD.english.FEMALE.w2v.txt
SemEval2017-task4-dev.subtask-BD.english.FEMALE.w2v.txt
SemEval2017-task4-dev.subtask-BD.english.FEMALE.w2v.txt
SemEval2017-task4-dev.subtask-BD.english.FEMALE.w2v.txt
SemEval2017-task4-dev.subtask-BD.english.FEMALE.w2v.txt
SemEval2017-task4-dev.subtask-BD.english.FEMALE.w2v.txt
SemEval2017-task4-dev.subtask-BD.english.FEMALE.w2v.txt
SemEval2017-task4-dev.subtask-BD.english.FEMALE.w2v.txt
SemEval2017-task4-dev.subtask-BD.english.FEMALE.w2v.txt
SemEval2017-task4-dev.subtask-BD.english.FEMALE.w2v.txt
SemEval2017-task4-dev.subtask-BD.english.FEMALE.w2v.txt
SemEval2017-task4-dev.subtask-BD.english.FEMALE.w2v.txt
SemEval2017-task4-dev.subtask-BD.english.FEMALE.w2v.txt
SemEval2017-task4-dev.subtask-BD.english.FEMALE.w2v.txt
SemEval2017-task4-dev.subtask-BD.english.FEMALE.w2v.txt
SemEval2017-task4-dev.subtask-BD.english.FEMALE.w2v.txt
SemEval2017-task4-dev.subtask-BD.english.FEMALE.w2v.txt
SemEval2017-task4-dev.subtask-BD.english.FEMALE.w2v.txt
SemEval2017-task4-dev.subtask-BD.english.FEMALE.w2v.txt
SemEval2017-task4-dev.subtask-BD.english.FEMALE.w2v.txt
SemEval2017-task4-dev.subtask-BD.english.FEMALE.w2v.txt
SemEval2017-task4-dev.subtask-BD.english.FEMALE.w2v.txt
SemEval2017-task4-dev.subtask-BD.english.FEMALE.w2v.txt
SemEval2017-task4-dev.subtask-BD.english.FEMALE.w2v.txt
SemEval2017-task4-dev.subtask-BD.english.FEMALE.w2v.txt
SemEval2017-task4-dev.subtask-BD.english.FEMALE.w2v.txt
SemEval2017-task4-dev.subtask-BD.english.FEMALE.w2v.txt
SemEval2017-task4-dev.subtask-BD.english.FEMALE.w2v.txt
SemEval2017-task4-dev.subtask-BD.english.FEMALE.w2v.txt
SemEval2017-task4-dev.subtask-BD.english.FEMALE.w2v.txt
SemEval2017-task4-dev.subtask-BD.english.FEMALE.w2v.txt
SemEval2017-task4-dev.subtask-BD.english.FEMALE.w2v.txt
SemEval2017-task4-dev.subtask-BD.english.FEMALE.w2v.txt
SemEval2017-task4-dev.subtask-BD.english.FEMALE.w2v.txt
SemEval2017-task4-dev.subtask-BD.english.FEMALE.w2v.txt
SemEval2017-task4-dev.subtask-BD.english.FEMALE.w2v.txt
SemEval2017-task4-dev.subtask-BD.english.FEMALE.w2v.txt
SemEval2017-task4-dev.subtask-BD.english.FEMALE.w2v.txt
SemEval2017-task4-dev.subtask-BD.english.FEMALE.w2v.txt
SemEval2017-task4-dev.subtask-BD.english.FEMALE.w2v.txt
SemEval2017-task4-dev.subtask-BD.english.FEMALE.w2v.txt
SemEval2017-task4-dev.subtask-BD.english.FEMALE.w2v.txt
SemEval2017-task4-dev.subtask-BD.english.FEMALE.w2v.txt
SemEval2017-task4-dev.subtask-BD.english.FEMALE.w2v.txt
SemEval2017-task4-dev.subtask-BD.english.FEMALE.w2v.txt
SemEval2017-task4-dev.subtask-BD.english.FEMALE.w2v.txt
SemEval2017-task4-dev.subtask-BD.english.FEMALE.w2v.txt
SemEval2017-task4-dev.subtask-BD.english.FEMALE.w2v.txt
SemEval2017-task4-dev.subtask-BD.english.FEMALE.w2v.txt
SemEval2017-task4-dev.subtask-BD.english.FEMALE.w2v.txt
SemEval2017-task4-dev.subtask-BD.english.FEMALE.w2v.txt
finished running, now save file

finished saving file

h.user.FEMALE.w2v.txt
SemEval2017-task4-dev.subtask-BD.english.user.FEMALE.w2v.txt
SemEval2017-task4-dev.subtask-BD.english.user.FEMALE.w2v.txt
SemEval2017-task4-dev.subtask-BD.english.user.FEMALE.w2v.txt
SemEval2017-task4-dev.subtask-BD.english.user.FEMALE.w2v.txt
SemEval2017-task4-dev.subtask-BD.english.user.FEMALE.w2v.txt
SemEval2017-task4-dev.subtask-BD.english.user.FEMALE.w2v.txt
SemEval2017-task4-dev.subtask-BD.english.user.FEMALE.w2v.txt
finished running, now save file

finished saving file

