save path here /u/scratch/d/datduong/SemEval2017Task4/4B-English/W2vEmbTweetnegative
now loading sentences

now running model

SemEval2017-task4-dev.subtask-BD.english.negative.w2v.txt
SemEval2017-task4-dev.subtask-BD.english.negative.w2v.txt
SemEval2017-task4-dev.subtask-BD.english.negative.w2v.txt
SemEval2017-task4-dev.subtask-BD.english.negative.w2v.txt
SemEval2017-task4-dev.subtask-BD.english.negative.w2v.txt
SemEval2017-task4-dev.subtask-BD.english.negative.w2v.txt
SemEval2017-task4-dev.subtask-BD.english.negative.w2v.txt
SemEval2017-task4-dev.subtask-BD.english.negative.w2v.txt
SemEval2017-task4-dev.subtask-BD.english.negative.w2v.txt
SemEval2017-task4-dev.subtask-BD.english.negative.w2v.txt
SemEval2017-task4-dev.subtask-BD.english.negative.w2v.txt
SemEval2017-task4-dev.subtask-BD.english.negative.w2v.txt
SemEval2017-task4-dev.subtask-BD.english.negative.w2v.txt
SemEval2017-task4-dev.subtask-BD.english.negative.w2v.txt
SemEval2017-task4-dev.subtask-BD.english.negative.w2v.txt
SemEval2017-task4-dev.subtask-BD.english.negative.w2v.txt
SemEval2017-task4-dev.subtask-BD.english.negative.w2v.txt
SemEval2017-task4-dev.subtask-BD.english.negative.w2v.txt
SemEval2017-task4-dev.subtask-BD.english.negative.w2v.txt
SemEval2017-task4-dev.subtask-BD.english.negative.w2v.txt
SemEval2017-task4-dev.subtask-BD.english.negative.w2v.txt
SemEval2017-task4-dev.subtask-BD.english.negative.w2v.txt
SemEval2017-task4-dev.subtask-BD.english.negative.w2v.txt
SemEval2017-task4-dev.subtask-BD.english.negative.w2v.txt
SemEval2017-task4-dev.subtask-BD.english.negative.w2v.txt
SemEval2017-task4-dev.subtask-BD.english.negative.w2v.txt
SemEval2017-task4-dev.subtask-BD.english.negative.w2v.txt
SemEval2017-task4-dev.subtask-BD.english.negative.w2v.txt
SemEval2017-task4-dev.subtask-BD.english.negative.w2v.txt
SemEval2017-task4-dev.subtask-BD.english.negative.w2v.txt
SemEval2017-task4-dev.subtask-BD.english.negative.w2v.txt
SemEval2017-task4-dev.subtask-BD.english.negative.w2v.txt
SemEval2017-task4-dev.subtask-BD.english.negative.w2v.txt
SemEval2017-task4-dev.subtask-BD.english.negative.w2v.txt
SemEval2017-task4-dev.subtask-BD.english.negative.w2v.txt
SemEval2017-task4-dev.subtask-BD.english.negative.w2v.txt
SemEval2017-task4-dev.subtask-BD.english.negative.w2v.txt
SemEval2017-task4-dev.subtask-BD.english.negative.w2v.txt
SemEval2017-task4-dev.subtask-BD.english.negative.w2v.txt
SemEval2017-task4-dev.subtask-BD.english.negative.w2v.txt
SemEval2017-task4-dev.subtask-BD.english.negative.w2v.txt
SemEval2017-task4-dev.subtask-BD.english.negative.w2v.txt
SemEval2017-task4-dev.subtask-BD.english.negative.w2v.txt
SemEval2017-task4-dev.subtask-BD.english.negative.w2v.txt
SemEval2017-task4-dev.subtask-BD.english.negative.w2v.txt
SemEval2017-task4-dev.subtask-BD.english.negative.w2v.txt
SemEval2017-task4-dev.subtask-BD.english.negative.w2v.txt
SemEval2017-task4-dev.subtask-BD.english.negative.w2v.txt
SemEval2017-task4-dev.subtask-BD.english.negative.w2v.txt
SemEval2017-task4-dev.subtask-BD.english.negative.w2v.txt
SemEval2017-task4-dev.subtask-BD.english.negative.w2v.txt
SemEval2017-task4-dev.subtask-BD.english.negative.w2v.txt
SemEval2017-task4-dev.subtask-BD.english.negative.w2v.txt
SemEval2017-task4-dev.subtask-BD.english.negative.w2v.txt
SemEval2017-task4-dev.subtask-BD.english.negative.w2v.txt
SemEval2017-task4-dev.subtask-BD.english.negative.w2v.txt
SemEval2017-task4-dev.subtask-BD.english.negative.w2v.txt
SemEval2017-task4-dev.subtask-BD.english.negative.w2v.txt
SemEval2017-task4-dev.subtask-BD.english.negative.w2v.txt
SemEval2017-task4-dev.subtask-BD.english.negative.w2v.txt
SemEval2017-task4-dev.subtask-BD.english.negative.w2v.txt
SemEval2017-task4-dev.subtask-BD.english.negative.w2v.txt
SemEval2017-task4-dev.subtask-BD.english.negative.w2v.txt
SemEval2017-task4-dev.subtask-BD.english.negative.w2v.txt
SemEval2017-task4-dev.subtask-BD.english.negative.w2v.txt
SemEval2017-task4-dev.subtask-BD.english.negative.w2v.txt
SemEval2017-task4-dev.subtask-BD.english.negative.w2v.txt
SemEval2017-task4-dev.subtask-BD.english.negative.w2v.txt
SemEval2017-task4-dev.subtask-BD.english.negative.w2v.txt
SemEval2017-task4-dev.subtask-BD.english.negative.w2v.txt
SemEval2017-task4-dev.subtask-BD.english.negative.w2v.txt
SemEval2017-task4-dev.subtask-BD.english.negative.w2v.txt
SemEval2017-task4-dev.subtask-BD.english.negative.w2v.txt
SemEval2017-task4-dev.subtask-BD.english.negative.w2v.txt
SemEval2017-task4-dev.subtask-BD.english.negative.w2v.txt
SemEval2017-task4-dev.subtask-BD.english.negative.w2v.txt
SemEval2017-task4-dev.subtask-BD.english.negative.w2v.txt
SemEval2017-task4-dev.subtask-BD.english.negative.w2v.txt
SemEval2017-task4-dev.subtask-BD.english.negative.w2v.txt
SemEval2017-task4-dev.subtask-BD.english.negative.w2v.txt
SemEval2017-task4-dev.subtask-BD.english.negative.w2v.txt
SemEval2017-task4-dev.subtask-BD.english.negative.w2v.txt
SemEval2017-task4-dev.subtask-BD.english.negative.w2v.txt
SemEval2017-task4-dev.subtask-BD.english.negative.w2v.txt
SemEval2017-task4-dev.subtask-BD.english.negative.w2v.txt
SemEval2017-task4-dev.subtask-BD.english.negative.w2v.txt
SemEval2017-task4-dev.subtask-BD.english.negative.w2v.txt
SemEval2017-task4-dev.subtask-BD.english.negative.w2v.txt
SemEval2017-task4-dev.subtask-BD.english.negative.w2v.txt
SemEval2017-task4-dev.subtask-BD.english.negative.w2v.txt
SemEval2017-task4-dev.subtask-BD.english.negative.w2v.txt
SemEval2017-task4-dev.subtask-BD.english.negative.w2v.txt
SemEval2017-task4-dev.subtask-BD.english.negative.w2v.txt
SemEval2017-task4-dev.subtask-BD.english.negative.w2v.txt
SemEval2017-task4-dev.subtask-BD.english.negative.w2v.txt
SemEval2017-task4-dev.subtask-BD.english.negative.w2v.txt
SemEval2017-task4-dev.subtask-BD.english.negative.w2v.txt
SemEval2017-task4-dev.subtask-BD.english.negative.w2v.txt
SemEval2017-task4-dev.subtask-BD.english.negative.w2v.txt
SemEval2017-task4-dev.subtask-BD.english.negative.w2v.txt
SemEval2017-task4-dev.subtask-BD.english.negative.w2v.txt
finished running, now save file

finished saving file

